INPUT: sub-folder of generated for output (e.g. r1): r1o
INPUT: number of map directories: 2
INPUT: map directory #0: E:/Mod/Titanfall/maps
Searching...
Found 26 maps
INPUT: map directory #1: E:/Mod/TitanfallOnline/maps
Searching...
Found 17 maps
INPUT: .fgd file to search for definitions: D:/SteamLibrary/steamapps/common/Portal 2/bin/portal2.fgd
Loading fgd...
Loaded!
Loading all 43 maps...
43 Loaded!
Gathering entity classnames...
36 classnames found in ENTITIES
2 classnames found in ENTITIES_env
5 classnames found in ENTITIES_fx
17 classnames found in ENTITIES_script
10 classnames found in ENTITIES_spawn
1 classnames found in ENTITIES_snd
Batching ENTITIES...
Writing r1o/ENTITIES.xml...
Done!
Batching ENTITIES_env...
Writing r1o/ENTITIES_env.xml...
Done!
Batching ENTITIES_fx...
Writing r1o/ENTITIES_fx.xml...
Done!
Batching ENTITIES_script...
Writing r1o/ENTITIES_script.xml...
Done!
Batching ENTITIES_spawn...
Writing r1o/ENTITIES_spawn.xml...
Done!
Batching ENTITIES_snd...
Writing r1o/ENTITIES_snd.xml...
Done!
Finished!
