INPUT: sub-folder of generated for output (e.g. r1): r5/season3/3dec19
INPUT: number of map directories: 1
INPUT: map directory #0: E:/Mod/ApexLegends/season3/3dec19/maps
Searching...
Found 8 maps
INPUT: .fgd file to search for definitions: D:/SteamLibrary/steamapps/common/Portal 2/bin/portal2.fgd
Loading fgd...
Loaded!
Loading all 8 maps...
8 Loaded!
Gathering entity classnames...
7 classnames found in ENTITIES
10 classnames found in ENTITIES_env
1 classnames found in ENTITIES_fx
29 classnames found in ENTITIES_script
2 classnames found in ENTITIES_spawn
3 classnames found in ENTITIES_snd
Batching ENTITIES...
Writing r5/season3/3dec19/ENTITIES.xml...
Done!
Batching ENTITIES_env...
Writing r5/season3/3dec19/ENTITIES_env.xml...
Done!
Batching ENTITIES_fx...
Writing r5/season3/3dec19/ENTITIES_fx.xml...
Done!
Batching ENTITIES_script...
Writing r5/season3/3dec19/ENTITIES_script.xml...
Done!
Batching ENTITIES_spawn...
Writing r5/season3/3dec19/ENTITIES_spawn.xml...
Done!
Batching ENTITIES_snd...
Writing r5/season3/3dec19/ENTITIES_snd.xml...
Done!
Finished!
