INPUT: sub-folder of generated for output (e.g. r1): r2
INPUT: number of map directories: 1
INPUT: map directory #0: E:/Mod/Titanfall2/maps
Searching...
Found 37 maps
INPUT: .fgd file to search for definitions: D:/SteamLibrary/steamapps/common/Portal 2/bin/portal2.fgd
Loading fgd...
Loaded!
Loading all 37 maps...
37 Loaded!
Gathering entity classnames...
17 classnames found in ENTITIES
9 classnames found in ENTITIES_env
4 classnames found in ENTITIES_fx
45 classnames found in ENTITIES_script
10 classnames found in ENTITIES_spawn
2 classnames found in ENTITIES_snd
Batching ENTITIES...
Writing r2/ENTITIES.xml...
Done!
Batching ENTITIES_env...
Writing r2/ENTITIES_env.xml...
Done!
Batching ENTITIES_fx...
Writing r2/ENTITIES_fx.xml...
Done!
Batching ENTITIES_script...
Writing r2/ENTITIES_script.xml...
Done!
Batching ENTITIES_spawn...
Writing r2/ENTITIES_spawn.xml...
Done!
Batching ENTITIES_snd...
Writing r2/ENTITIES_snd.xml...
Done!
Finished!
